<?xml version="1.0" encoding="UTF-8"?>
<testng-results ignored="6" total="9" passed="3" failed="0" skipped="0">
  <reporter-output>
  </reporter-output>
  <suite started-at="2023-03-10T12:53:04 IST" name="All Test Suite" finished-at="2023-03-10T12:53:57 IST" duration-ms="52650">
    <groups>
    </groups>
    <test started-at="2023-03-10T12:53:04 IST" name="testng" finished-at="2023-03-10T12:53:57 IST" duration-ms="52650">
      <class name="com.blazeclan.qa.test.testng.BaseTest">
        <test-method is-config="true" signature="setUp()[pri:0, instance:com.blazeclan.qa.test.testng.BaseTest@c730b35]" started-at="2023-03-10T12:53:04 IST" name="setUp" finished-at="2023-03-10T12:53:25 IST" duration-ms="20894" status="PASS">
          <reporter-output>
          </reporter-output>
        </test-method> <!-- setUp -->
        <test-method is-config="true" signature="logout()[pri:0, instance:com.blazeclan.qa.test.testng.BaseTest@c730b35]" started-at="2023-03-10T12:53:56 IST" name="logout" finished-at="2023-03-10T12:53:57 IST" duration-ms="451" status="PASS">
          <reporter-output>
          </reporter-output>
        </test-method> <!-- logout -->
      </class> <!-- com.blazeclan.qa.test.testng.BaseTest -->
      <class name="com.blazeclan.qa.test.testng.AboutMeTest">
        <test-method signature="AboutMe()[pri:3, instance:com.blazeclan.qa.test.testng.AboutMeTest@1f2586d6]" started-at="2023-03-10T12:53:34 IST" name="AboutMe" finished-at="2023-03-10T12:53:50 IST" duration-ms="15965" status="PASS">
          <reporter-output>
          </reporter-output>
        </test-method> <!-- AboutMe -->
      </class> <!-- com.blazeclan.qa.test.testng.AboutMeTest -->
      <class name="com.blazeclan.qa.test.testng.LogoutTest">
        <test-method signature="Logout()[pri:2, instance:com.blazeclan.qa.test.testng.LogoutTest@10683d9d]" started-at="2023-03-10T12:53:51 IST" name="Logout" finished-at="2023-03-10T12:53:56 IST" duration-ms="5419" status="PASS">
          <reporter-output>
          </reporter-output>
        </test-method> <!-- Logout -->
      </class> <!-- com.blazeclan.qa.test.testng.LogoutTest -->
      <class name="com.blazeclan.qa.test.testng.LoginTest">
        <test-method signature="LoginPage()[pri:1, instance:com.blazeclan.qa.test.testng.LoginTest@2f4948e4]" started-at="2023-03-10T12:53:25 IST" name="LoginPage" finished-at="2023-03-10T12:53:34 IST" duration-ms="9012" status="PASS">
          <reporter-output>
          </reporter-output>
        </test-method> <!-- LoginPage -->
      </class> <!-- com.blazeclan.qa.test.testng.LoginTest -->
    </test> <!-- testng -->
  </suite> <!-- All Test Suite -->
</testng-results>
